<!DOCTYPE suite SYSTEM "http://testng.org/testng-1.0.dtd" >
<suite name="Single unit test" verbose="1">
    <test name="Single test" />
</suite>